# Logfile created on 2015-03-29 12:40:30 +0100 by logger.rb/41954
I, [2015-03-29T12:40:30.301289 #8853]  INFO -- : 0:  addressable (2.3.8) from /Users/edwardelliott/.rvm/gems/ruby-2.0.0-p353/specifications/addressable-2.3.8.gemspec
I, [2015-03-29T12:40:30.301642 #8853]  INFO -- : 0:  builder (3.2.2) from /Users/edwardelliott/.rvm/gems/ruby-2.0.0-p353/specifications/builder-3.2.2.gemspec
I, [2015-03-29T12:40:30.301929 #8853]  INFO -- : 0:  mime-types (2.4.3) from /Users/edwardelliott/.rvm/gems/ruby-2.0.0-p353/specifications/mime-types-2.4.3.gemspec
I, [2015-03-29T12:40:30.302170 #8853]  INFO -- : 0:  mini_portile (0.6.2) from /Users/edwardelliott/.rvm/gems/ruby-2.0.0-p353@global/specifications/mini_portile-0.6.2.gemspec
I, [2015-03-29T12:40:30.302447 #8853]  INFO -- : 0:  nokogiri (1.6.6.2) from /Users/edwardelliott/.rvm/gems/ruby-2.0.0-p353/specifications/nokogiri-1.6.6.2.gemspec
I, [2015-03-29T12:40:30.302689 #8853]  INFO -- : 0:  rack (1.6.0) from /Users/edwardelliott/.rvm/gems/ruby-2.0.0-p353/specifications/rack-1.6.0.gemspec
I, [2015-03-29T12:40:30.302943 #8853]  INFO -- : 0:  rack-test (0.6.3) from /Users/edwardelliott/.rvm/gems/ruby-2.0.0-p353@global/specifications/rack-test-0.6.3.gemspec
I, [2015-03-29T12:40:30.303180 #8853]  INFO -- : 0:  xpath (2.0.0) from /Users/edwardelliott/.rvm/gems/ruby-2.0.0-p353/specifications/xpath-2.0.0.gemspec
I, [2015-03-29T12:40:30.303436 #8853]  INFO -- : 0:  capybara (2.4.4) from /Users/edwardelliott/.rvm/gems/ruby-2.0.0-p353/specifications/capybara-2.4.4.gemspec
I, [2015-03-29T12:40:31.484741 #8853]  INFO -- : 0:  multi_json (1.11.0) from /Users/edwardelliott/.rvm/gems/ruby-2.0.0-p353/specifications/multi_json-1.11.0.gemspec
I, [2015-03-29T12:40:31.485232 #8853]  INFO -- : 0:  gherkin (2.12.2) from /Users/edwardelliott/.rvm/gems/ruby-2.0.0-p353/specifications/gherkin-2.12.2.gemspec
I, [2015-03-29T12:40:33.193167 #8853]  INFO -- : 0:  cucumber-core (1.1.3) from /Users/edwardelliott/.rvm/gems/ruby-2.0.0-p353/specifications/cucumber-core-1.1.3.gemspec
I, [2015-03-29T12:40:33.193478 #8853]  INFO -- : 0:  diff-lcs (1.2.5) from /Users/edwardelliott/.rvm/gems/ruby-2.0.0-p353/specifications/diff-lcs-1.2.5.gemspec
I, [2015-03-29T12:40:34.361119 #8853]  INFO -- : 0:  multi_test (0.1.2) from /Users/edwardelliott/.rvm/gems/ruby-2.0.0-p353/specifications/multi_test-0.1.2.gemspec
I, [2015-03-29T12:40:37.082769 #8853]  INFO -- : 0:  cucumber (2.0.0) from /Users/edwardelliott/.rvm/gems/ruby-2.0.0-p353/specifications/cucumber-2.0.0.gemspec
I, [2015-03-29T12:40:37.083148 #8853]  INFO -- : 0:  extlib (0.9.16) from /Users/edwardelliott/.rvm/gems/ruby-2.0.0-p353/specifications/extlib-0.9.16.gemspec
I, [2015-03-29T12:40:39.632872 #8853]  INFO -- : 0:  highline (1.7.1) from /Users/edwardelliott/.rvm/gems/ruby-2.0.0-p353/specifications/highline-1.7.1.gemspec
I, [2015-03-29T12:40:39.633416 #8853]  INFO -- : 0:  templater (1.0.0) from /Users/edwardelliott/.rvm/gems/ruby-2.0.0-p353/specifications/templater-1.0.0.gemspec
I, [2015-03-29T12:40:39.633684 #8853]  INFO -- : 0:  cucumber-sinatra (0.5.0) from /Users/edwardelliott/.rvm/gems/ruby-2.0.0-p353/specifications/cucumber-sinatra-0.5.0.gemspec
I, [2015-03-29T12:40:41.091942 #8853]  INFO -- : 0:  database_cleaner (1.4.1) from /Users/edwardelliott/.rvm/gems/ruby-2.0.0-p353/specifications/database_cleaner-1.4.1.gemspec
I, [2015-03-29T12:40:41.092683 #8853]  INFO -- : 0:  launchy (2.4.3) from /Users/edwardelliott/.rvm/gems/ruby-2.0.0-p353/specifications/launchy-2.4.3.gemspec
I, [2015-03-29T12:40:42.365365 #8853]  INFO -- : 0:  rspec-support (3.2.2) from /Users/edwardelliott/.rvm/gems/ruby-2.0.0-p353/specifications/rspec-support-3.2.2.gemspec
I, [2015-03-29T12:40:44.219223 #8853]  INFO -- : 0:  rspec-core (3.2.2) from /Users/edwardelliott/.rvm/gems/ruby-2.0.0-p353/specifications/rspec-core-3.2.2.gemspec
I, [2015-03-29T12:40:45.795619 #8853]  INFO -- : 0:  rspec-expectations (3.2.0) from /Users/edwardelliott/.rvm/gems/ruby-2.0.0-p353/specifications/rspec-expectations-3.2.0.gemspec
I, [2015-03-29T12:40:47.318479 #8853]  INFO -- : 0:  rspec-mocks (3.2.1) from /Users/edwardelliott/.rvm/gems/ruby-2.0.0-p353/specifications/rspec-mocks-3.2.1.gemspec
I, [2015-03-29T12:40:48.549912 #8853]  INFO -- : 0:  rspec (3.2.0) from /Users/edwardelliott/.rvm/gems/ruby-2.0.0-p353/specifications/rspec-3.2.0.gemspec
I, [2015-03-29T12:40:48.550207 #8853]  INFO -- : 0:  bundler (1.5.1) from /Users/edwardelliott/.rvm/gems/ruby-2.0.0-p353/specifications/bundler-1.5.1.gemspec
